[ 2015-10-28T20:09:18+08:00 ] 127.0.0.1 /messageboard/index.php
INFO: [ app_init ] --START--
INFO: Run Behavior\BuildLiteBehavior [ RunTime:0.000000s ]
INFO: [ app_init ] --END-- [ RunTime:0.001000s ]
INFO: [ app_begin ] --START--
INFO: Run Behavior\ReadHtmlCacheBehavior [ RunTime:0.001000s ]
INFO: [ app_begin ] --END-- [ RunTime:0.001000s ]
INFO: [ view_parse ] --START--
INFO: [ template_filter ] --START--
INFO: Run Behavior\ContentReplaceBehavior [ RunTime:0.000000s ]
INFO: [ template_filter ] --END-- [ RunTime:0.000000s ]
INFO: Run Behavior\ParseTemplateBehavior [ RunTime:0.006000s ]
INFO: [ view_parse ] --END-- [ RunTime:0.006000s ]
INFO: [ view_filter ] --START--
INFO: Run Behavior\WriteHtmlCacheBehavior [ RunTime:0.000000s ]
INFO: [ view_filter ] --END-- [ RunTime:0.000000s ]
INFO: [ app_end ] --START--
INFO: Run Behavior\ShowPageTraceBehavior [ RunTime:0.001000s ]
INFO: [ app_end ] --END-- [ RunTime:0.001000s ]

[ 2015-10-28T20:10:45+08:00 ] 127.0.0.1 /messageboard/index.php/Home/index
INFO: [ app_init ] --START--
INFO: Run Behavior\BuildLiteBehavior [ RunTime:0.000000s ]
INFO: [ app_init ] --END-- [ RunTime:0.000000s ]
INFO: [ app_begin ] --START--
INFO: Run Behavior\ReadHtmlCacheBehavior [ RunTime:0.001000s ]
INFO: [ app_begin ] --END-- [ RunTime:0.001000s ]
INFO: [ view_parse ] --START--
INFO: Run Behavior\ParseTemplateBehavior [ RunTime:0.000000s ]
INFO: [ view_parse ] --END-- [ RunTime:0.001000s ]
INFO: [ view_filter ] --START--
INFO: Run Behavior\WriteHtmlCacheBehavior [ RunTime:0.000000s ]
INFO: [ view_filter ] --END-- [ RunTime:0.000000s ]
INFO: [ app_end ] --START--
INFO: Run Behavior\ShowPageTraceBehavior [ RunTime:0.001000s ]
INFO: [ app_end ] --END-- [ RunTime:0.001000s ]

[ 2015-10-28T20:11:32+08:00 ] 127.0.0.1 /messageboard/index.php/Home/test
INFO: [ app_init ] --START--
INFO: Run Behavior\BuildLiteBehavior [ RunTime:0.000000s ]
INFO: [ app_init ] --END-- [ RunTime:0.000000s ]
INFO: [ app_begin ] --START--
INFO: Run Behavior\ReadHtmlCacheBehavior [ RunTime:0.001000s ]
INFO: [ app_begin ] --END-- [ RunTime:0.001000s ]
ERR: 无法加载控制器:Test

[ 2015-10-28T20:11:48+08:00 ] 127.0.0.1 /messageboard/index.php/Home/Index/test
INFO: [ app_init ] --START--
INFO: Run Behavior\BuildLiteBehavior [ RunTime:0.000000s ]
INFO: [ app_init ] --END-- [ RunTime:0.001000s ]
INFO: [ app_begin ] --START--
INFO: Run Behavior\ReadHtmlCacheBehavior [ RunTime:0.001000s ]
INFO: [ app_begin ] --END-- [ RunTime:0.001000s ]
INFO: [ app_end ] --START--
INFO: Run Behavior\ShowPageTraceBehavior [ RunTime:0.001000s ]
INFO: [ app_end ] --END-- [ RunTime:0.001000s ]

[ 2015-10-28T20:12:21+08:00 ] 127.0.0.1 /messageboard/index.php/Home/Index/test
INFO: [ app_init ] --START--
INFO: Run Behavior\BuildLiteBehavior [ RunTime:0.001000s ]
INFO: [ app_init ] --END-- [ RunTime:0.001000s ]
INFO: [ app_begin ] --START--
INFO: Run Behavior\ReadHtmlCacheBehavior [ RunTime:0.001000s ]
INFO: [ app_begin ] --END-- [ RunTime:0.001000s ]
ERR: 非法操作:test

[ 2015-10-28T20:17:48+08:00 ] 127.0.0.1 /messageboard/index.php/Home/Index
INFO: [ app_init ] --START--
INFO: Run Behavior\BuildLiteBehavior [ RunTime:0.000000s ]
INFO: [ app_init ] --END-- [ RunTime:0.000000s ]
INFO: [ app_begin ] --START--
INFO: Run Behavior\ReadHtmlCacheBehavior [ RunTime:0.001001s ]
INFO: [ app_begin ] --END-- [ RunTime:0.001001s ]
INFO: [ view_parse ] --START--
INFO: Run Behavior\ParseTemplateBehavior [ RunTime:0.001000s ]
INFO: [ view_parse ] --END-- [ RunTime:0.001000s ]
INFO: [ view_filter ] --START--
INFO: Run Behavior\WriteHtmlCacheBehavior [ RunTime:0.000000s ]
INFO: [ view_filter ] --END-- [ RunTime:0.001000s ]
INFO: [ app_end ] --START--
INFO: Run Behavior\ShowPageTraceBehavior [ RunTime:0.000000s ]
INFO: [ app_end ] --END-- [ RunTime:0.001000s ]

[ 2015-10-28T20:44:39+08:00 ] 127.0.0.1 /messageboard/index.php/Home/Index
INFO: [ app_init ] --START--
INFO: Run Behavior\BuildLiteBehavior [ RunTime:0.000000s ]
INFO: [ app_init ] --END-- [ RunTime:0.000000s ]
INFO: [ app_begin ] --START--
INFO: Run Behavior\ReadHtmlCacheBehavior [ RunTime:0.001000s ]
INFO: [ app_begin ] --END-- [ RunTime:0.001000s ]
INFO: [ view_parse ] --START--
INFO: Run Behavior\ParseTemplateBehavior [ RunTime:0.001000s ]
INFO: [ view_parse ] --END-- [ RunTime:0.001000s ]
INFO: [ view_filter ] --START--
INFO: Run Behavior\WriteHtmlCacheBehavior [ RunTime:0.001001s ]
INFO: [ view_filter ] --END-- [ RunTime:0.001001s ]
INFO: [ app_end ] --START--
INFO: Run Behavior\ShowPageTraceBehavior [ RunTime:0.001000s ]
INFO: [ app_end ] --END-- [ RunTime:0.001000s ]

[ 2015-10-28T20:48:35+08:00 ] 127.0.0.1 /messageboard/index.php/Home/Index
INFO: [ app_init ] --START--
INFO: Run Behavior\BuildLiteBehavior [ RunTime:0.000000s ]
INFO: [ app_init ] --END-- [ RunTime:0.007000s ]
INFO: [ app_begin ] --START--
INFO: Run Behavior\ReadHtmlCacheBehavior [ RunTime:0.011001s ]
INFO: [ app_begin ] --END-- [ RunTime:0.011001s ]
INFO: [ view_parse ] --START--
INFO: Run Behavior\ParseTemplateBehavior [ RunTime:0.011000s ]
INFO: [ view_parse ] --END-- [ RunTime:0.012000s ]
INFO: [ view_filter ] --START--
INFO: Run Behavior\WriteHtmlCacheBehavior [ RunTime:0.010001s ]
INFO: [ view_filter ] --END-- [ RunTime:0.010001s ]
INFO: [ app_end ] --START--
INFO: Run Behavior\ShowPageTraceBehavior [ RunTime:0.016001s ]
INFO: [ app_end ] --END-- [ RunTime:0.017001s ]

[ 2015-10-28T20:50:24+08:00 ] 127.0.0.1 /messageboard/index.php/Home/Index
INFO: [ app_init ] --START--
INFO: Run Behavior\BuildLiteBehavior [ RunTime:0.000000s ]
INFO: [ app_init ] --END-- [ RunTime:0.001000s ]
INFO: [ app_begin ] --START--
INFO: Run Behavior\ReadHtmlCacheBehavior [ RunTime:0.001000s ]
INFO: [ app_begin ] --END-- [ RunTime:0.001000s ]
INFO: [ view_parse ] --START--
INFO: Run Behavior\ParseTemplateBehavior [ RunTime:0.000000s ]
INFO: [ view_parse ] --END-- [ RunTime:0.001000s ]
INFO: [ view_filter ] --START--
INFO: Run Behavior\WriteHtmlCacheBehavior [ RunTime:0.000000s ]
INFO: [ view_filter ] --END-- [ RunTime:0.000000s ]
INFO: [ app_end ] --START--
INFO: Run Behavior\ShowPageTraceBehavior [ RunTime:0.001000s ]
INFO: [ app_end ] --END-- [ RunTime:0.001000s ]

[ 2015-10-28T20:54:30+08:00 ] 127.0.0.1 /messageboard/index.php/Home/Index
INFO: [ app_init ] --START--
INFO: Run Behavior\BuildLiteBehavior [ RunTime:0.000000s ]
INFO: [ app_init ] --END-- [ RunTime:0.000000s ]
INFO: [ app_begin ] --START--
INFO: Run Behavior\ReadHtmlCacheBehavior [ RunTime:0.000000s ]
INFO: [ app_begin ] --END-- [ RunTime:0.000000s ]
INFO: [ view_parse ] --START--
INFO: Run Behavior\ParseTemplateBehavior [ RunTime:0.001000s ]
INFO: [ view_parse ] --END-- [ RunTime:0.001000s ]
INFO: [ view_filter ] --START--
INFO: Run Behavior\WriteHtmlCacheBehavior [ RunTime:0.000000s ]
INFO: [ view_filter ] --END-- [ RunTime:0.000000s ]
INFO: [ app_end ] --START--
INFO: Run Behavior\ShowPageTraceBehavior [ RunTime:0.000000s ]
INFO: [ app_end ] --END-- [ RunTime:0.000000s ]

[ 2015-10-28T20:54:31+08:00 ] 127.0.0.1 /messageboard/index.php/Home/Index
INFO: [ app_init ] --START--
INFO: Run Behavior\BuildLiteBehavior [ RunTime:0.000000s ]
INFO: [ app_init ] --END-- [ RunTime:0.000000s ]
INFO: [ app_begin ] --START--
INFO: Run Behavior\ReadHtmlCacheBehavior [ RunTime:0.000000s ]
INFO: [ app_begin ] --END-- [ RunTime:0.000000s ]
INFO: [ view_parse ] --START--
INFO: Run Behavior\ParseTemplateBehavior [ RunTime:0.000000s ]
INFO: [ view_parse ] --END-- [ RunTime:0.000000s ]
INFO: [ view_filter ] --START--
INFO: Run Behavior\WriteHtmlCacheBehavior [ RunTime:0.001000s ]
INFO: [ view_filter ] --END-- [ RunTime:0.001000s ]
INFO: [ app_end ] --START--
INFO: Run Behavior\ShowPageTraceBehavior [ RunTime:0.001000s ]
INFO: [ app_end ] --END-- [ RunTime:0.001000s ]

[ 2015-10-28T20:56:46+08:00 ] 127.0.0.1 /messageboard/index.php/Home/Index
INFO: [ app_init ] --START--
INFO: Run Behavior\BuildLiteBehavior [ RunTime:0.000000s ]
INFO: [ app_init ] --END-- [ RunTime:0.001001s ]
INFO: [ app_begin ] --START--
INFO: Run Behavior\ReadHtmlCacheBehavior [ RunTime:0.000000s ]
INFO: [ app_begin ] --END-- [ RunTime:0.000000s ]
INFO: [ view_parse ] --START--
INFO: Run Behavior\ParseTemplateBehavior [ RunTime:0.000000s ]
INFO: [ view_parse ] --END-- [ RunTime:0.000000s ]
INFO: [ view_filter ] --START--
INFO: Run Behavior\WriteHtmlCacheBehavior [ RunTime:0.000000s ]
INFO: [ view_filter ] --END-- [ RunTime:0.001000s ]
INFO: [ app_end ] --START--
INFO: Run Behavior\ShowPageTraceBehavior [ RunTime:0.001000s ]
INFO: [ app_end ] --END-- [ RunTime:0.001000s ]

[ 2015-10-28T20:58:13+08:00 ] 127.0.0.1 /messageboard/index.php/Home/index
INFO: [ app_init ] --START--
INFO: Run Behavior\BuildLiteBehavior [ RunTime:0.000000s ]
INFO: [ app_init ] --END-- [ RunTime:0.001000s ]
INFO: [ app_begin ] --START--
INFO: Run Behavior\ReadHtmlCacheBehavior [ RunTime:0.001000s ]
INFO: [ app_begin ] --END-- [ RunTime:0.001000s ]
INFO: [ view_parse ] --START--
INFO: Run Behavior\ParseTemplateBehavior [ RunTime:0.000000s ]
INFO: [ view_parse ] --END-- [ RunTime:0.000000s ]
INFO: [ view_filter ] --START--
INFO: Run Behavior\WriteHtmlCacheBehavior [ RunTime:0.000000s ]
INFO: [ view_filter ] --END-- [ RunTime:0.000000s ]
INFO: [ app_end ] --START--
INFO: Run Behavior\ShowPageTraceBehavior [ RunTime:0.001000s ]
INFO: [ app_end ] --END-- [ RunTime:0.001000s ]

[ 2015-10-28T21:03:16+08:00 ] 127.0.0.1 /messageboard/Home/index
INFO: [ app_init ] --START--
INFO: Run Behavior\BuildLiteBehavior [ RunTime:0.000000s ]
INFO: [ app_init ] --END-- [ RunTime:0.001000s ]
INFO: [ app_begin ] --START--
INFO: Run Behavior\ReadHtmlCacheBehavior [ RunTime:0.001000s ]
INFO: [ app_begin ] --END-- [ RunTime:0.001000s ]
INFO: [ view_parse ] --START--
INFO: Run Behavior\ParseTemplateBehavior [ RunTime:0.001001s ]
INFO: [ view_parse ] --END-- [ RunTime:0.001001s ]
INFO: [ view_filter ] --START--
INFO: Run Behavior\WriteHtmlCacheBehavior [ RunTime:0.000000s ]
INFO: [ view_filter ] --END-- [ RunTime:0.000000s ]
INFO: [ app_end ] --START--
INFO: Run Behavior\ShowPageTraceBehavior [ RunTime:0.000000s ]
INFO: [ app_end ] --END-- [ RunTime:0.000000s ]

[ 2015-10-28T21:03:26+08:00 ] 127.0.0.1 /messageboard/index.php/Home/index
INFO: [ app_init ] --START--
INFO: Run Behavior\BuildLiteBehavior [ RunTime:0.000000s ]
INFO: [ app_init ] --END-- [ RunTime:0.000000s ]
INFO: [ app_begin ] --START--
INFO: Run Behavior\ReadHtmlCacheBehavior [ RunTime:0.001000s ]
INFO: [ app_begin ] --END-- [ RunTime:0.001000s ]
INFO: [ view_parse ] --START--
INFO: Run Behavior\ParseTemplateBehavior [ RunTime:0.000000s ]
INFO: [ view_parse ] --END-- [ RunTime:0.000000s ]
INFO: [ view_filter ] --START--
INFO: Run Behavior\WriteHtmlCacheBehavior [ RunTime:0.000000s ]
INFO: [ view_filter ] --END-- [ RunTime:0.001000s ]
INFO: [ app_end ] --START--
INFO: Run Behavior\ShowPageTraceBehavior [ RunTime:0.001000s ]
INFO: [ app_end ] --END-- [ RunTime:0.001000s ]

[ 2015-10-28T21:03:29+08:00 ] 127.0.0.1 /messageboard/Home/index
INFO: [ app_init ] --START--
INFO: Run Behavior\BuildLiteBehavior [ RunTime:0.000000s ]
INFO: [ app_init ] --END-- [ RunTime:0.000000s ]
INFO: [ app_begin ] --START--
INFO: Run Behavior\ReadHtmlCacheBehavior [ RunTime:0.001000s ]
INFO: [ app_begin ] --END-- [ RunTime:0.001000s ]
INFO: [ view_parse ] --START--
INFO: Run Behavior\ParseTemplateBehavior [ RunTime:0.000000s ]
INFO: [ view_parse ] --END-- [ RunTime:0.001000s ]
INFO: [ view_filter ] --START--
INFO: Run Behavior\WriteHtmlCacheBehavior [ RunTime:0.000000s ]
INFO: [ view_filter ] --END-- [ RunTime:0.000000s ]
INFO: [ app_end ] --START--
INFO: Run Behavior\ShowPageTraceBehavior [ RunTime:0.000000s ]
INFO: [ app_end ] --END-- [ RunTime:0.000000s ]

[ 2015-10-28T23:05:53+08:00 ] 127.0.0.1 /messageboard/Home/User
ERR: 无法加载数据库驱动: Think\Db\Driver\Pdo

[ 2015-10-28T23:08:48+08:00 ] 127.0.0.1 /messageboard/Home/User
ERR: 无法加载数据库驱动: Think\Db\Driver\Pdo

[ 2015-10-28T23:09:31+08:00 ] 127.0.0.1 /messageboard/Home/Index
ERR: 无法加载数据库驱动: Think\Db\Driver\Pdo

[ 2015-10-28T23:13:40+08:00 ] 127.0.0.1 /messageboard/Home/User
ERR: 模板不存在:./messageboard/Home/View/User/index.html

[ 2015-10-28T23:14:16+08:00 ] 127.0.0.1 /messageboard/Home/User
ERR: 模板不存在:./messageboard/Home/View/User/index.html

[ 2015-10-28T23:14:18+08:00 ] 127.0.0.1 /messageboard/Home/User
ERR: 模板不存在:./messageboard/Home/View/User/index.html

[ 2015-10-28T23:16:15+08:00 ] 127.0.0.1 /messageboard/Home/Index
ERR: 模板不存在:./messageboard/Home/View/Index/index.html

[ 2015-10-28T23:29:40+08:00 ] 127.0.0.1 /messageboard/Home/css/style.css
ERR: 无法加载控制器:Css

[ 2015-10-28T23:29:40+08:00 ] 127.0.0.1 /messageboard/Home/js/jquery.min.js
ERR: 无法加载控制器:Js

[ 2015-10-28T23:30:18+08:00 ] 127.0.0.1 /messageboard/Home/js/jquery.min.js
ERR: 无法加载控制器:Js

[ 2015-10-28T23:30:18+08:00 ] 127.0.0.1 /messageboard/Home/css/style.css
ERR: 无法加载控制器:Css

[ 2015-10-28T23:30:19+08:00 ] 127.0.0.1 /messageboard/Home/css/style.css
ERR: 无法加载控制器:Css

[ 2015-10-28T23:30:19+08:00 ] 127.0.0.1 /messageboard/Home/js/jquery.min.js
ERR: 无法加载控制器:Js

[ 2015-10-28T23:30:20+08:00 ] 127.0.0.1 /messageboard/Home/css/style.css
ERR: 无法加载控制器:Css

[ 2015-10-28T23:30:20+08:00 ] 127.0.0.1 /messageboard/Home/js/jquery.min.js
ERR: 无法加载控制器:Js

[ 2015-10-28T23:32:58+08:00 ] 127.0.0.1 /messageboard/Home/js/jquery.min.js
ERR: 无法加载控制器:Js

[ 2015-10-28T23:32:58+08:00 ] 127.0.0.1 /messageboard/Home/js/common.js
ERR: 无法加载控制器:Js

[ 2015-10-28T23:32:58+08:00 ] 127.0.0.1 /messageboard/Home/js/supersized.3.2.7.min.js
ERR: 无法加载控制器:Js

[ 2015-10-28T23:32:58+08:00 ] 127.0.0.1 /messageboard/Home/css/style.css
ERR: 无法加载控制器:Css

[ 2015-10-28T23:32:58+08:00 ] 127.0.0.1 /messageboard/Home/js/supersized-init.js
ERR: 无法加载控制器:Js

[ 2015-10-28T23:34:43+08:00 ] 127.0.0.1 /messageboard/Home/messageboard/Home/View/User/css/style.css
ERR: 无法加载控制器:Messageboard

[ 2015-10-28T23:34:43+08:00 ] 127.0.0.1 /messageboard/Home/messageboard/Home/View/User/js/common.js
ERR: 无法加载控制器:Messageboard

[ 2015-10-28T23:34:43+08:00 ] 127.0.0.1 /messageboard/Home/messageboard/Home/View/User/js/supersized-init.js
ERR: 无法加载控制器:Messageboard

[ 2015-10-28T23:34:43+08:00 ] 127.0.0.1 /messageboard/Home/messageboard/Home/View/User/js/supersized.3.2.7.min.js
ERR: 无法加载控制器:Messageboard

[ 2015-10-28T23:34:44+08:00 ] 127.0.0.1 /messageboard/Home/messageboard/Home/View/User/js/common.js
ERR: 无法加载控制器:Messageboard

[ 2015-10-28T23:34:44+08:00 ] 127.0.0.1 /messageboard/Home/messageboard/Home/View/User/css/style.css
ERR: 无法加载控制器:Messageboard

[ 2015-10-28T23:34:44+08:00 ] 127.0.0.1 /messageboard/Home/messageboard/Home/View/User/js/supersized.3.2.7.min.js
ERR: 无法加载控制器:Messageboard

[ 2015-10-28T23:34:44+08:00 ] 127.0.0.1 /messageboard/Home/messageboard/Home/View/User/js/supersized-init.js
ERR: 无法加载控制器:Messageboard

[ 2015-10-28T23:34:50+08:00 ] 127.0.0.1 /messageboard/Home/messageboard/Home/View/User/js/common.js
ERR: 无法加载控制器:Messageboard

[ 2015-10-28T23:34:50+08:00 ] 127.0.0.1 /messageboard/Home/messageboard/Home/View/User/js/supersized.3.2.7.min.js
ERR: 无法加载控制器:Messageboard

[ 2015-10-28T23:34:50+08:00 ] 127.0.0.1 /messageboard/Home/messageboard/Home/View/User/css/style.css
ERR: 无法加载控制器:Messageboard

[ 2015-10-28T23:34:50+08:00 ] 127.0.0.1 /messageboard/Home/messageboard/Home/View/User/js/supersized-init.js
ERR: 无法加载控制器:Messageboard

[ 2015-10-28T23:36:04+08:00 ] 127.0.0.1 /messageboard/Home/js/common.js
ERR: 无法加载控制器:Js

[ 2015-10-28T23:36:04+08:00 ] 127.0.0.1 /messageboard/Home/css/style.css
ERR: 无法加载控制器:Css

[ 2015-10-28T23:36:04+08:00 ] 127.0.0.1 /messageboard/Home/js/supersized.3.2.7.min.js
ERR: 无法加载控制器:Js

[ 2015-10-28T23:36:04+08:00 ] 127.0.0.1 /messageboard/Home/js/supersized-init.js
ERR: 无法加载控制器:Js

[ 2015-10-28T23:36:04+08:00 ] 127.0.0.1 /messageboard/Home/js/jquery.validate.min.js
ERR: 无法加载控制器:Js

[ 2015-10-28T23:38:08+08:00 ] 127.0.0.1 /messageboard/Home/js/common.js
ERR: 无法加载控制器:Js

[ 2015-10-28T23:38:08+08:00 ] 127.0.0.1 /messageboard/Home/js/supersized.3.2.7.min.js
ERR: 无法加载控制器:Js

[ 2015-10-28T23:38:08+08:00 ] 127.0.0.1 /messageboard/Home/js/supersized-init.js
ERR: 无法加载控制器:Js

[ 2015-10-28T23:38:08+08:00 ] 127.0.0.1 /messageboard/Home/js/jquery.validate.min.js
ERR: 无法加载控制器:Js

[ 2015-10-28T23:38:09+08:00 ] 127.0.0.1 /messageboard/Home/js/supersized.3.2.7.min.js
ERR: 无法加载控制器:Js

[ 2015-10-28T23:38:09+08:00 ] 127.0.0.1 /messageboard/Home/js/common.js
ERR: 无法加载控制器:Js

[ 2015-10-28T23:38:09+08:00 ] 127.0.0.1 /messageboard/Home/js/supersized-init.js
ERR: 无法加载控制器:Js

[ 2015-10-28T23:38:09+08:00 ] 127.0.0.1 /messageboard/Home/js/jquery.validate.min.js
ERR: 无法加载控制器:Js

[ 2015-10-28T23:38:10+08:00 ] 127.0.0.1 /messageboard/Home/js/common.js
ERR: 无法加载控制器:Js

[ 2015-10-28T23:38:10+08:00 ] 127.0.0.1 /messageboard/Home/js/supersized.3.2.7.min.js
ERR: 无法加载控制器:Js

[ 2015-10-28T23:38:10+08:00 ] 127.0.0.1 /messageboard/Home/js/supersized-init.js
ERR: 无法加载控制器:Js

[ 2015-10-28T23:38:10+08:00 ] 127.0.0.1 /messageboard/Home/js/jquery.validate.min.js
ERR: 无法加载控制器:Js

[ 2015-10-28T23:38:11+08:00 ] 127.0.0.1 /messageboard/Home/js/supersized-init.js
ERR: 无法加载控制器:Js

[ 2015-10-28T23:38:11+08:00 ] 127.0.0.1 /messageboard/Home/js/common.js
ERR: 无法加载控制器:Js

[ 2015-10-28T23:38:11+08:00 ] 127.0.0.1 /messageboard/Home/js/jquery.validate.min.js
ERR: 无法加载控制器:Js

[ 2015-10-28T23:38:11+08:00 ] 127.0.0.1 /messageboard/Home/js/supersized.3.2.7.min.js
ERR: 无法加载控制器:Js

[ 2015-10-28T23:38:12+08:00 ] 127.0.0.1 /messageboard/Home/js/supersized.3.2.7.min.js
ERR: 无法加载控制器:Js

[ 2015-10-28T23:38:12+08:00 ] 127.0.0.1 /messageboard/Home/js/jquery.validate.min.js
ERR: 无法加载控制器:Js

[ 2015-10-28T23:38:12+08:00 ] 127.0.0.1 /messageboard/Home/js/supersized-init.js
ERR: 无法加载控制器:Js

[ 2015-10-28T23:38:12+08:00 ] 127.0.0.1 /messageboard/Home/js/common.js
ERR: 无法加载控制器:Js

[ 2015-10-28T23:38:38+08:00 ] 127.0.0.1 /messageboard/Home/js/common.js
ERR: 无法加载控制器:Js

[ 2015-10-28T23:38:38+08:00 ] 127.0.0.1 /messageboard/Home/js/supersized-init.js
ERR: 无法加载控制器:Js

[ 2015-10-28T23:38:38+08:00 ] 127.0.0.1 /messageboard/Home/js/supersized.3.2.7.min.js
ERR: 无法加载控制器:Js

[ 2015-10-28T23:38:38+08:00 ] 127.0.0.1 /messageboard/Home/js/jquery.validate.min.js
ERR: 无法加载控制器:Js

[ 2015-10-28T23:39:14+08:00 ] 127.0.0.1 /messageboard/Home/js/common.js
ERR: 无法加载控制器:Js

[ 2015-10-28T23:39:15+08:00 ] 127.0.0.1 /messageboard/Home/js/common.js
ERR: 无法加载控制器:Js

[ 2015-10-28T23:39:30+08:00 ] 127.0.0.1 /messageboard/Home/js/common.js
ERR: 无法加载控制器:Js

[ 2015-10-28T23:40:01+08:00 ] 127.0.0.1 /messageboard/Home/js/common.js
ERR: 无法加载控制器:Js

[ 2015-10-28T23:40:25+08:00 ] 127.0.0.1 /messageboard/Home/js/common.js
ERR: 无法加载控制器:Js

[ 2015-10-28T23:41:28+08:00 ] 127.0.0.1 /messageboard/Home/js/common.js
ERR: 无法加载控制器:Js

